<?xml version="1.0" encoding="UTF-8"?>
<testng-results ignored="0" total="1" passed="1" failed="0" skipped="0">
  <reporter-output>
  </reporter-output>
  <suite started-at="2023-03-19T21:28:47 EDT" name="Default suite" finished-at="2023-03-19T21:28:54 EDT" duration-ms="7153">
    <groups>
    </groups>
    <test started-at="2023-03-19T21:28:47 EDT" name="Default test" finished-at="2023-03-19T21:28:54 EDT" duration-ms="7153">
      <class name="test">
        <test-method is-config="true" signature="openBrowser()[pri:0, instance:test@120f102b]" started-at="2023-03-19T21:28:47 EDT" name="openBrowser" finished-at="2023-03-19T21:28:49 EDT" duration-ms="2404" status="PASS">
          <reporter-output>
          </reporter-output>
        </test-method> <!-- openBrowser -->
        <test-method signature="OperURl()[pri:0, instance:test@120f102b]" started-at="2023-03-19T21:28:49 EDT" name="OperURl" finished-at="2023-03-19T21:28:53 EDT" duration-ms="4335" status="PASS">
          <reporter-output>
          </reporter-output>
        </test-method> <!-- OperURl -->
        <test-method is-config="true" signature="screenshoot()[pri:0, instance:test@120f102b]" started-at="2023-03-19T21:28:53 EDT" name="screenshoot" finished-at="2023-03-19T21:28:54 EDT" duration-ms="372" status="PASS">
          <reporter-output>
          </reporter-output>
        </test-method> <!-- screenshoot -->
      </class> <!-- test -->
    </test> <!-- Default test -->
  </suite> <!-- Default suite -->
</testng-results>
